<?xml version="1.0" encoding="UTF-8"?>
<testng-results ignored="0" total="5" passed="5" failed="0" skipped="0">
  <reporter-output>
  </reporter-output>
  <suite started-at="2024-05-09T16:32:17 IST" name="Suite" finished-at="2024-05-09T16:33:33 IST" duration-ms="75920">
    <groups>
      <group name="group 2">
        <method signature="Groups.alogin()[pri:0, instance:TestNGLuma.Groups@76b1e9b8]" name="alogin" class="TestNGLuma.Groups"/>
        <method signature="Groups.compareproducts()[pri:0, instance:TestNGLuma.Groups@76b1e9b8]" name="compareproducts" class="TestNGLuma.Groups"/>
        <method signature="Groups.dremovefromcompare()[pri:0, instance:TestNGLuma.Groups@76b1e9b8]" name="dremovefromcompare" class="TestNGLuma.Groups"/>
      </group> <!-- group 2 -->
      <group name="group 1">
        <method signature="Groups.bupdateaccountinfo()[pri:0, instance:TestNGLuma.Groups@76b1e9b8]" name="bupdateaccountinfo" class="TestNGLuma.Groups"/>
      </group> <!-- group 1 -->
      <group name="group">
        <method signature="Groups.eaddreview()[pri:0, instance:TestNGLuma.Groups@76b1e9b8]" name="eaddreview" class="TestNGLuma.Groups"/>
      </group> <!-- group -->
    </groups>
    <test started-at="2024-05-09T16:32:17 IST" name="Test" finished-at="2024-05-09T16:33:33 IST" duration-ms="75920">
      <class name="TestNGLuma.Groups">
        <test-method is-config="true" signature="launchurl()[pri:0, instance:TestNGLuma.Groups@76b1e9b8]" started-at="2024-05-09T16:32:17 IST" name="launchurl" finished-at="2024-05-09T16:32:32 IST" duration-ms="14227" status="PASS">
          <reporter-output>
          </reporter-output>
        </test-method> <!-- launchurl -->
        <test-method signature="alogin()[pri:0, instance:TestNGLuma.Groups@76b1e9b8]" started-at="2024-05-09T16:32:32 IST" name="alogin" finished-at="2024-05-09T16:32:46 IST" duration-ms="14280" status="PASS">
          <reporter-output>
          </reporter-output>
        </test-method> <!-- alogin -->
        <test-method signature="bupdateaccountinfo()[pri:0, instance:TestNGLuma.Groups@76b1e9b8]" started-at="2024-05-09T16:32:46 IST" name="bupdateaccountinfo" finished-at="2024-05-09T16:33:05 IST" duration-ms="19594" status="PASS">
          <reporter-output>
          </reporter-output>
        </test-method> <!-- bupdateaccountinfo -->
        <test-method signature="compareproducts()[pri:0, instance:TestNGLuma.Groups@76b1e9b8]" started-at="2024-05-09T16:33:06 IST" name="compareproducts" finished-at="2024-05-09T16:33:31 IST" duration-ms="25529" status="PASS">
          <reporter-output>
          </reporter-output>
        </test-method> <!-- compareproducts -->
        <test-method signature="dremovefromcompare()[pri:0, instance:TestNGLuma.Groups@76b1e9b8]" started-at="2024-05-09T16:33:31 IST" name="dremovefromcompare" finished-at="2024-05-09T16:33:33 IST" duration-ms="2146" status="PASS">
          <reporter-output>
          </reporter-output>
        </test-method> <!-- dremovefromcompare -->
        <test-method signature="eaddreview()[pri:0, instance:TestNGLuma.Groups@76b1e9b8]" started-at="2024-05-09T16:33:33 IST" name="eaddreview" finished-at="2024-05-09T16:33:33 IST" duration-ms="5" status="PASS">
          <reporter-output>
          </reporter-output>
        </test-method> <!-- eaddreview -->
        <test-method is-config="true" signature="closebrowser()[pri:0, instance:TestNGLuma.Groups@76b1e9b8]" started-at="2024-05-09T16:33:33 IST" name="closebrowser" finished-at="2024-05-09T16:33:33 IST" duration-ms="1" status="PASS">
          <reporter-output>
          </reporter-output>
        </test-method> <!-- closebrowser -->
      </class> <!-- TestNGLuma.Groups -->
    </test> <!-- Test -->
  </suite> <!-- Suite -->
</testng-results>
