<?xml version="1.0" encoding="UTF-8"?>
<!-- Generated by org.testng.reporters.JUnitXMLReporter -->
<testsuite ignored="0" hostname="MEGHASAGAR" failures="0" tests="5" name="Default test" time="86.818" errors="0" timestamp="2024-05-09T16:30:45 IST">
  <testcase classname="TestNGLuma.Groups" name="alogin" time="12.07"/>
  <testcase classname="TestNGLuma.Groups" name="bupdateaccountinfo" time="19.24"/>
  <testcase classname="TestNGLuma.Groups" name="compareproducts" time="27.796"/>
  <testcase classname="TestNGLuma.Groups" name="dremovefromcompare" time="2.117"/>
  <testcase classname="TestNGLuma.Groups" name="eaddreview" time="0.005"/>
</testsuite> <!-- Default test -->
